<?xml version="1.0" encoding="UTF-8"?>
<!-- Generated by org.testng.reporters.JUnitXMLReporter -->
<testsuite hostname="SuryaPC" ignored="17" name="basic test" tests="7" failures="6" timestamp="27 Mar 2019 06:18:54 GMT" time="50.679" errors="0">
  <testcase name="loginTest" time="3.311" classname="in.srssprojects.keximbank.TestExecution"/>
  <testcase name="employeeCreationWithMultipleDataUsingDP" time="7.968" classname="in.srssprojects.keximbank.TestExecution">
    <failure type="java.lang.AssertionError" message="expected [true] but found [false]">
      <![CDATA[java.lang.AssertionError: expected [true] but found [false]
at in.srssprojects.keximbank.TestExecution.employeeCreationWithMultipleDataUsingDP(TestExecution.java:272)
... Removed 29 stack frames]]>
    </failure>
  </testcase> <!-- employeeCreationWithMultipleDataUsingDP -->
  <testcase name="employeeCreationWithMultipleDataUsingDP" time="8.488" classname="in.srssprojects.keximbank.TestExecution">
    <failure type="java.lang.AssertionError" message="expected [true] but found [false]">
      <![CDATA[java.lang.AssertionError: expected [true] but found [false]
at in.srssprojects.keximbank.TestExecution.employeeCreationWithMultipleDataUsingDP(TestExecution.java:272)
... Removed 29 stack frames]]>
    </failure>
  </testcase> <!-- employeeCreationWithMultipleDataUsingDP -->
  <testcase name="employeeCreationWithMultipleDataUsingDP" time="4.368" classname="in.srssprojects.keximbank.TestExecution">
    <failure type="java.lang.AssertionError" message="expected [true] but found [false]">
      <![CDATA[java.lang.AssertionError: expected [true] but found [false]
at in.srssprojects.keximbank.TestExecution.employeeCreationWithMultipleDataUsingDP(TestExecution.java:272)
... Removed 29 stack frames]]>
    </failure>
  </testcase> <!-- employeeCreationWithMultipleDataUsingDP -->
  <testcase name="employeeCreationWithMultipleDataUsingDP" time="5.948" classname="in.srssprojects.keximbank.TestExecution">
    <failure type="java.lang.AssertionError" message="expected [true] but found [false]">
      <![CDATA[java.lang.AssertionError: expected [true] but found [false]
at in.srssprojects.keximbank.TestExecution.employeeCreationWithMultipleDataUsingDP(TestExecution.java:272)
... Removed 29 stack frames]]>
    </failure>
  </testcase> <!-- employeeCreationWithMultipleDataUsingDP -->
  <testcase name="employeeCreationWithMultipleDataUsingDP" time="4.79" classname="in.srssprojects.keximbank.TestExecution">
    <failure type="java.lang.AssertionError" message="expected [true] but found [false]">
      <![CDATA[java.lang.AssertionError: expected [true] but found [false]
at in.srssprojects.keximbank.TestExecution.employeeCreationWithMultipleDataUsingDP(TestExecution.java:272)
... Removed 29 stack frames]]>
    </failure>
  </testcase> <!-- employeeCreationWithMultipleDataUsingDP -->
  <testcase name="employeeCreationWithMultipleDataUsingDP" time="2.777" classname="in.srssprojects.keximbank.TestExecution">
    <failure type="java.lang.IllegalArgumentException" message="Keys to send should be a not null CharSequence">
      <![CDATA[java.lang.IllegalArgumentException: Keys to send should be a not null CharSequence
at org.openqa.selenium.remote.RemoteWebElement.sendKeys(RemoteWebElement.java:97)
at org.openqa.selenium.support.pagefactory.internal.LocatingElementHandler.invoke(LocatingElementHandler.java:51)
at com.sun.proxy.$Proxy9.sendKeys(Unknown Source)
at in.srssprojects.keximbank.EmployeeCreationPage.fillEmployeeName(EmployeeCreationPage.java:54)
at in.srssprojects.keximbank.TestExecution.employeeCreationWithMultipleDataUsingDP(TestExecution.java:264)
... Removed 29 stack frames]]>
    </failure>
  </testcase> <!-- employeeCreationWithMultipleDataUsingDP -->
  <testcase name="roleCreationWithMultipleData" time="0.0" classname="in.srssprojects.keximbank.TestExecution">
    <ignored/>
  </testcase> <!-- roleCreationWithMultipleData -->
  <testcase name="roleCreationReset" time="0.0" classname="in.srssprojects.keximbank.TestExecution">
    <ignored/>
  </testcase> <!-- roleCreationReset -->
  <testcase name="branchCreationCancel" time="0.0" classname="in.srssprojects.keximbank.TestExecution">
    <ignored/>
  </testcase> <!-- branchCreationCancel -->
  <testcase name="employeeCreationWithDuplicateData" time="0.0" classname="in.srssprojects.keximbank.TestExecution">
    <ignored/>
  </testcase> <!-- employeeCreationWithDuplicateData -->
  <testcase name="logout" time="0.0" classname="in.srssprojects.keximbank.TestExecution">
    <ignored/>
  </testcase> <!-- logout -->
  <testcase name="branchCreationBlankData" time="0.0" classname="in.srssprojects.keximbank.TestExecution">
    <ignored/>
  </testcase> <!-- branchCreationBlankData -->
  <testcase name="branchCreationDuplicateDate" time="0.0" classname="in.srssprojects.keximbank.TestExecution">
    <ignored/>
  </testcase> <!-- branchCreationDuplicateDate -->
  <testcase name="branchCreationResetData" time="0.0" classname="in.srssprojects.keximbank.TestExecution">
    <ignored/>
  </testcase> <!-- branchCreationResetData -->
  <testcase name="employeeCreationWithValidData" time="0.0" classname="in.srssprojects.keximbank.TestExecution">
    <ignored/>
  </testcase> <!-- employeeCreationWithValidData -->
  <testcase name="roleCreationCancel" time="0.0" classname="in.srssprojects.keximbank.TestExecution">
    <ignored/>
  </testcase> <!-- roleCreationCancel -->
  <testcase name="roleCreationWithBlankData" time="0.0" classname="in.srssprojects.keximbank.TestExecution">
    <ignored/>
  </testcase> <!-- roleCreationWithBlankData -->
  <testcase name="employeeCreationBlankData" time="0.0" classname="in.srssprojects.keximbank.TestExecution">
    <ignored/>
  </testcase> <!-- employeeCreationBlankData -->
  <testcase name="roleCreationWithValidData" time="0.0" classname="in.srssprojects.keximbank.TestExecution">
    <ignored/>
  </testcase> <!-- roleCreationWithValidData -->
  <testcase name="branchCreationWithValidData" time="0.0" classname="in.srssprojects.keximbank.TestExecution">
    <ignored/>
  </testcase> <!-- branchCreationWithValidData -->
  <testcase name="roleCreationWithDuplicateData" time="0.0" classname="in.srssprojects.keximbank.TestExecution">
    <ignored/>
  </testcase> <!-- roleCreationWithDuplicateData -->
  <testcase name="employeeCreationCancel" time="0.0" classname="in.srssprojects.keximbank.TestExecution">
    <ignored/>
  </testcase> <!-- employeeCreationCancel -->
  <testcase name="employeeCreationWithRestData" time="0.0" classname="in.srssprojects.keximbank.TestExecution">
    <ignored/>
  </testcase> <!-- employeeCreationWithRestData -->
</testsuite> <!-- basic test -->
