<?xml version="1.0" encoding="UTF-8"?>
<!-- Generated by org.testng.reporters.JUnitXMLReporter -->
<testsuite hostname="SuryaPC" ignored="12" name="chrome test" tests="5" failures="0" timestamp="20 Mar 2019 06:26:34 GMT" time="30.177" errors="0">
  <testcase name="loginTest" time="3.722" classname="in.srssprojects.keximbank.TestExecution"/>
  <testcase name="roleCreationCancel" time="2.636" classname="in.srssprojects.keximbank.TestExecution"/>
  <testcase name="branchCreationCancel" time="2.595" classname="in.srssprojects.keximbank.TestExecution"/>
  <testcase name="employeeCreationCancel" time="5.498" classname="in.srssprojects.keximbank.TestExecution"/>
  <testcase name="logout" time="6.854" classname="in.srssprojects.keximbank.TestExecution"/>
  <testcase name="branchCreationResetData" time="0.0" classname="in.srssprojects.keximbank.TestExecution">
    <ignored/>
  </testcase> <!-- branchCreationResetData -->
  <testcase name="employeeCreationWithValidData" time="0.0" classname="in.srssprojects.keximbank.TestExecution">
    <ignored/>
  </testcase> <!-- employeeCreationWithValidData -->
  <testcase name="roleCreationWithBlankData" time="0.0" classname="in.srssprojects.keximbank.TestExecution">
    <ignored/>
  </testcase> <!-- roleCreationWithBlankData -->
  <testcase name="employeeCreationBlankData" time="0.0" classname="in.srssprojects.keximbank.TestExecution">
    <ignored/>
  </testcase> <!-- employeeCreationBlankData -->
  <testcase name="roleCreationReset" time="0.0" classname="in.srssprojects.keximbank.TestExecution">
    <ignored/>
  </testcase> <!-- roleCreationReset -->
  <testcase name="roleCreationWithValidData" time="0.0" classname="in.srssprojects.keximbank.TestExecution">
    <ignored/>
  </testcase> <!-- roleCreationWithValidData -->
  <testcase name="branchCreationWithValidData" time="0.0" classname="in.srssprojects.keximbank.TestExecution">
    <ignored/>
  </testcase> <!-- branchCreationWithValidData -->
  <testcase name="employeeCreationWithDuplicateData" time="0.0" classname="in.srssprojects.keximbank.TestExecution">
    <ignored/>
  </testcase> <!-- employeeCreationWithDuplicateData -->
  <testcase name="roleCreationWithDuplicateData" time="0.0" classname="in.srssprojects.keximbank.TestExecution">
    <ignored/>
  </testcase> <!-- roleCreationWithDuplicateData -->
  <testcase name="employeeCreationWithRestData" time="0.0" classname="in.srssprojects.keximbank.TestExecution">
    <ignored/>
  </testcase> <!-- employeeCreationWithRestData -->
  <testcase name="branchCreationBlankData" time="0.0" classname="in.srssprojects.keximbank.TestExecution">
    <ignored/>
  </testcase> <!-- branchCreationBlankData -->
  <testcase name="branchCreationDuplicateDate" time="0.0" classname="in.srssprojects.keximbank.TestExecution">
    <ignored/>
  </testcase> <!-- branchCreationDuplicateDate -->
</testsuite> <!-- chrome test -->
