<?xml version="1.0" encoding="UTF-8"?>
<!-- Generated by org.testng.reporters.JUnitXMLReporter -->
<testsuite hostname="SuryaPC" ignored="0" name="Default test" tests="14" failures="0" timestamp="18 Mar 2019 06:01:37 GMT" time="47.965" errors="0">
  <testcase name="browserLaunch" time="11.678" classname="in.srssprojects.keximbank.TestExecution"/>
  <testcase name="loginTest" time="2.657" classname="in.srssprojects.keximbank.TestExecution"/>
  <testcase name="roleCreationWithValidData" time="2.935" classname="in.srssprojects.keximbank.TestExecution"/>
  <testcase name="roleCreationWithDuplicateData" time="2.125" classname="in.srssprojects.keximbank.TestExecution"/>
  <testcase name="roleCreationWithBlankData" time="1.481" classname="in.srssprojects.keximbank.TestExecution"/>
  <testcase name="roleCreationReset" time="2.054" classname="in.srssprojects.keximbank.TestExecution"/>
  <testcase name="roleCreationCancel" time="1.86" classname="in.srssprojects.keximbank.TestExecution"/>
  <testcase name="branchCreationValidData" time="5.278" classname="in.srssprojects.keximbank.TestExecution"/>
  <testcase name="branchCreationDuplicateDate" time="3.968" classname="in.srssprojects.keximbank.TestExecution"/>
  <testcase name="branchCreationBlankData" time="1.281" classname="in.srssprojects.keximbank.TestExecution"/>
  <testcase name="branchCreationResetData" time="4.268" classname="in.srssprojects.keximbank.TestExecution"/>
  <testcase name="breanchCreationCancel" time="1.682" classname="in.srssprojects.keximbank.TestExecution"/>
  <testcase name="logout" time="6.199" classname="in.srssprojects.keximbank.TestExecution"/>
  <testcase name="close" time="0.394" classname="in.srssprojects.keximbank.TestExecution"/>
</testsuite> <!-- Default test -->
