<?xml version="1.0" encoding="UTF-8"?>
<!-- Generated by org.testng.reporters.JUnitXMLReporter -->
<testsuite hostname="SuryaPC" ignored="9" name="parameter test" tests="8" failures="0" timestamp="20 Mar 2019 06:13:30 GMT" time="35.21" errors="0">
  <testcase name="loginTest" time="2.415" classname="in.srssprojects.keximbank.TestExecution"/>
  <testcase name="roleCreationWithBlankData" time="1.639" classname="in.srssprojects.keximbank.TestExecution"/>
  <testcase name="roleCreationReset" time="1.98" classname="in.srssprojects.keximbank.TestExecution"/>
  <testcase name="branchCreationBlankData" time="1.781" classname="in.srssprojects.keximbank.TestExecution"/>
  <testcase name="branchCreationResetData" time="3.6" classname="in.srssprojects.keximbank.TestExecution"/>
  <testcase name="employeeCreationBlankData" time="3.008" classname="in.srssprojects.keximbank.TestExecution"/>
  <testcase name="employeeCreationWithRestData" time="5.345" classname="in.srssprojects.keximbank.TestExecution"/>
  <testcase name="logout" time="6.669" classname="in.srssprojects.keximbank.TestExecution"/>
  <testcase name="employeeCreationWithValidData" time="0.0" classname="in.srssprojects.keximbank.TestExecution">
    <ignored/>
  </testcase> <!-- employeeCreationWithValidData -->
  <testcase name="roleCreationCancel" time="0.0" classname="in.srssprojects.keximbank.TestExecution">
    <ignored/>
  </testcase> <!-- roleCreationCancel -->
  <testcase name="branchCreationWithValidData" time="0.0" classname="in.srssprojects.keximbank.TestExecution">
    <ignored/>
  </testcase> <!-- branchCreationWithValidData -->
  <testcase name="roleCreationWithValidData" time="0.0" classname="in.srssprojects.keximbank.TestExecution">
    <ignored/>
  </testcase> <!-- roleCreationWithValidData -->
  <testcase name="branchCreationCancel" time="0.0" classname="in.srssprojects.keximbank.TestExecution">
    <ignored/>
  </testcase> <!-- branchCreationCancel -->
  <testcase name="employeeCreationWithDuplicateData" time="0.0" classname="in.srssprojects.keximbank.TestExecution">
    <ignored/>
  </testcase> <!-- employeeCreationWithDuplicateData -->
  <testcase name="roleCreationWithDuplicateData" time="0.0" classname="in.srssprojects.keximbank.TestExecution">
    <ignored/>
  </testcase> <!-- roleCreationWithDuplicateData -->
  <testcase name="employeeCreationCancel" time="0.0" classname="in.srssprojects.keximbank.TestExecution">
    <ignored/>
  </testcase> <!-- employeeCreationCancel -->
  <testcase name="branchCreationDuplicateDate" time="0.0" classname="in.srssprojects.keximbank.TestExecution">
    <ignored/>
  </testcase> <!-- branchCreationDuplicateDate -->
</testsuite> <!-- parameter test -->
