<?xml version="1.0" encoding="UTF-8"?>
<!-- Generated by org.testng.reporters.JUnitXMLReporter -->
<testsuite hostname="SuryaPC" ignored="11" name="parameter test" tests="8" failures="1" timestamp="28 Mar 2019 05:38:21 GMT" time="34.963" errors="0">
  <testcase name="loginTest" time="2.514" classname="in.srssprojects.keximbank.TestExecution"/>
  <testcase name="roleCreationWithBlankData" time="1.792" classname="in.srssprojects.keximbank.TestExecution">
    <failure type="java.lang.AssertionError" message="expected [true] but found [false]">
      <![CDATA[java.lang.AssertionError: expected [true] but found [false]
at in.srssprojects.keximbank.TestExecution.roleCreationWithBlankData(TestExecution.java:81)
... Removed 29 stack frames]]>
    </failure>
  </testcase> <!-- roleCreationWithBlankData -->
  <testcase name="roleCreationReset" time="1.668" classname="in.srssprojects.keximbank.TestExecution"/>
  <testcase name="branchCreationBlankData" time="2.14" classname="in.srssprojects.keximbank.TestExecution"/>
  <testcase name="branchCreationResetData" time="4.249" classname="in.srssprojects.keximbank.TestExecution"/>
  <testcase name="employeeCreationBlankData" time="3.261" classname="in.srssprojects.keximbank.TestExecution"/>
  <testcase name="employeeCreationWithRestData" time="3.99" classname="in.srssprojects.keximbank.TestExecution"/>
  <testcase name="logout" time="6.679" classname="in.srssprojects.keximbank.TestExecution"/>
  <testcase name="employeeCreationWithValidData" time="0.0" classname="in.srssprojects.keximbank.TestExecution">
    <ignored/>
  </testcase> <!-- employeeCreationWithValidData -->
  <testcase name="roleCreationCancel" time="0.0" classname="in.srssprojects.keximbank.TestExecution">
    <ignored/>
  </testcase> <!-- roleCreationCancel -->
  <testcase name="roleCreationWithMultipleData" time="0.0" classname="in.srssprojects.keximbank.TestExecution">
    <ignored/>
  </testcase> <!-- roleCreationWithMultipleData -->
  <testcase name="roleCreationWithValidData" time="0.0" classname="in.srssprojects.keximbank.TestExecution">
    <ignored/>
  </testcase> <!-- roleCreationWithValidData -->
  <testcase name="branchCreationWithValidData" time="0.0" classname="in.srssprojects.keximbank.TestExecution">
    <ignored/>
  </testcase> <!-- branchCreationWithValidData -->
  <testcase name="employeeCreationWithMultipleDataUsingDP" time="0.0" classname="in.srssprojects.keximbank.TestExecution">
    <ignored/>
  </testcase> <!-- employeeCreationWithMultipleDataUsingDP -->
  <testcase name="branchCreationCancel" time="0.0" classname="in.srssprojects.keximbank.TestExecution">
    <ignored/>
  </testcase> <!-- branchCreationCancel -->
  <testcase name="employeeCreationWithDuplicateData" time="0.0" classname="in.srssprojects.keximbank.TestExecution">
    <ignored/>
  </testcase> <!-- employeeCreationWithDuplicateData -->
  <testcase name="roleCreationWithDuplicateData" time="0.0" classname="in.srssprojects.keximbank.TestExecution">
    <ignored/>
  </testcase> <!-- roleCreationWithDuplicateData -->
  <testcase name="employeeCreationCancel" time="0.0" classname="in.srssprojects.keximbank.TestExecution">
    <ignored/>
  </testcase> <!-- employeeCreationCancel -->
  <testcase name="branchCreationDuplicateDate" time="0.0" classname="in.srssprojects.keximbank.TestExecution">
    <ignored/>
  </testcase> <!-- branchCreationDuplicateDate -->
</testsuite> <!-- parameter test -->
