<?xml version="1.0" encoding="UTF-8"?>
<!-- Generated by org.testng.reporters.JUnitXMLReporter -->
<testsuite hostname="SuryaPC" ignored="9" name="chrome test" tests="8" failures="0" timestamp="20 Mar 2019 06:19:48 GMT" time="33.157" errors="0">
  <testcase name="loginTest" time="2.9" classname="in.srssprojects.keximbank.TestExecution"/>
  <testcase name="roleCreationWithBlankData" time="1.699" classname="in.srssprojects.keximbank.TestExecution"/>
  <testcase name="roleCreationReset" time="1.974" classname="in.srssprojects.keximbank.TestExecution"/>
  <testcase name="branchCreationBlankData" time="1.703" classname="in.srssprojects.keximbank.TestExecution"/>
  <testcase name="branchCreationResetData" time="3.431" classname="in.srssprojects.keximbank.TestExecution"/>
  <testcase name="employeeCreationBlankData" time="3.054" classname="in.srssprojects.keximbank.TestExecution"/>
  <testcase name="employeeCreationWithRestData" time="3.575" classname="in.srssprojects.keximbank.TestExecution"/>
  <testcase name="logout" time="6.782" classname="in.srssprojects.keximbank.TestExecution"/>
  <testcase name="employeeCreationWithValidData" time="0.0" classname="in.srssprojects.keximbank.TestExecution">
    <ignored/>
  </testcase> <!-- employeeCreationWithValidData -->
  <testcase name="roleCreationCancel" time="0.0" classname="in.srssprojects.keximbank.TestExecution">
    <ignored/>
  </testcase> <!-- roleCreationCancel -->
  <testcase name="branchCreationWithValidData" time="0.0" classname="in.srssprojects.keximbank.TestExecution">
    <ignored/>
  </testcase> <!-- branchCreationWithValidData -->
  <testcase name="roleCreationWithValidData" time="0.0" classname="in.srssprojects.keximbank.TestExecution">
    <ignored/>
  </testcase> <!-- roleCreationWithValidData -->
  <testcase name="branchCreationCancel" time="0.0" classname="in.srssprojects.keximbank.TestExecution">
    <ignored/>
  </testcase> <!-- branchCreationCancel -->
  <testcase name="employeeCreationWithDuplicateData" time="0.0" classname="in.srssprojects.keximbank.TestExecution">
    <ignored/>
  </testcase> <!-- employeeCreationWithDuplicateData -->
  <testcase name="roleCreationWithDuplicateData" time="0.0" classname="in.srssprojects.keximbank.TestExecution">
    <ignored/>
  </testcase> <!-- roleCreationWithDuplicateData -->
  <testcase name="employeeCreationCancel" time="0.0" classname="in.srssprojects.keximbank.TestExecution">
    <ignored/>
  </testcase> <!-- employeeCreationCancel -->
  <testcase name="branchCreationDuplicateDate" time="0.0" classname="in.srssprojects.keximbank.TestExecution">
    <ignored/>
  </testcase> <!-- branchCreationDuplicateDate -->
</testsuite> <!-- chrome test -->
