<?xml version="1.0" encoding="UTF-8"?>
<testng-results skipped="0" failed="6" ignored="17" total="24" passed="1">
  <reporter-output>
    <line>
      <![CDATA[locating an elemnt using By.id: txtuId]]>
    </line>
    <line>
      <![CDATA[elemented located successfully with By.id: txtuId]]>
    </line>
    <line>
      <![CDATA[clicked on element]]>
    </line>
    <line>
      <![CDATA[element value changed]]>
    </line>
    <line>
      <![CDATA[locating an elemnt using By.id: txtPword]]>
    </line>
    <line>
      <![CDATA[elemented located successfully with By.id: txtPword]]>
    </line>
    <line>
      <![CDATA[clicked on element]]>
    </line>
    <line>
      <![CDATA[element value changed]]>
    </line>
    <line>
      <![CDATA[locating an elemnt using By.id: login]]>
    </line>
    <line>
      <![CDATA[elemented located successfully with By.id: login]]>
    </line>
    <line>
      <![CDATA[clicking on element]]>
    </line>
    <line>
      <![CDATA[clicked on element]]>
    </line>
    <line>
      <![CDATA[locating an elemnt using By.xpath: //a[@href='Admin_Emp_details.aspx']]]>
    </line>
    <line>
      <![CDATA[elemented located successfully with By.xpath: //a[@href='Admin_Emp_details.aspx']]]>
    </line>
    <line>
      <![CDATA[clicking on element]]>
    </line>
    <line>
      <![CDATA[clicked on element]]>
    </line>
    <line>
      <![CDATA[locating an elemnt using By.id: BtnNew]]>
    </line>
    <line>
      <![CDATA[elemented located successfully with By.id: BtnNew]]>
    </line>
    <line>
      <![CDATA[clicking on element]]>
    </line>
    <line>
      <![CDATA[clicked on element]]>
    </line>
    <line>
      <![CDATA[locating an elemnt using By.id: txtUname]]>
    </line>
    <line>
      <![CDATA[elemented located successfully with By.id: txtUname]]>
    </line>
    <line>
      <![CDATA[clicked on element]]>
    </line>
    <line>
      <![CDATA[element value changed]]>
    </line>
    <line>
      <![CDATA[locating an elemnt using By.id: txtLpwd]]>
    </line>
    <line>
      <![CDATA[elemented located successfully with By.id: txtLpwd]]>
    </line>
    <line>
      <![CDATA[clicked on element]]>
    </line>
    <line>
      <![CDATA[element value changed]]>
    </line>
    <line>
      <![CDATA[locating an elemnt using By.id: lst_Roles]]>
    </line>
    <line>
      <![CDATA[elemented located successfully with By.id: lst_Roles]]>
    </line>
    <line>
      <![CDATA[locating an elemnt using By.id: lst_Roles]]>
    </line>
    <line>
      <![CDATA[elemented located successfully with By.id: lst_Roles]]>
    </line>
    <line>
      <![CDATA[locating an elemnt using By.id: lst_Roles]]>
    </line>
    <line>
      <![CDATA[elemented located successfully with By.id: lst_Roles]]>
    </line>
    <line>
      <![CDATA[locating an elemnt using By.xpath: .//option[normalize-space(.) = "cashierOne"]]]>
    </line>
    <line>
      <![CDATA[elemented located successfully with By.xpath: .//option[normalize-space(.) = "cashierOne"]]]>
    </line>
    <line>
      <![CDATA[clicking on element]]>
    </line>
    <line>
      <![CDATA[clicked on element]]>
    </line>
    <line>
      <![CDATA[locating an elemnt using By.id: lst_Branch]]>
    </line>
    <line>
      <![CDATA[elemented located successfully with By.id: lst_Branch]]>
    </line>
    <line>
      <![CDATA[locating an elemnt using By.id: lst_Branch]]>
    </line>
    <line>
      <![CDATA[elemented located successfully with By.id: lst_Branch]]>
    </line>
    <line>
      <![CDATA[locating an elemnt using By.id: lst_Branch]]>
    </line>
    <line>
      <![CDATA[elemented located successfully with By.id: lst_Branch]]>
    </line>
    <line>
      <![CDATA[locating an elemnt using By.xpath: .//option[normalize-space(.) = "Bangalore"]]]>
    </line>
    <line>
      <![CDATA[elemented located successfully with By.xpath: .//option[normalize-space(.) = "Bangalore"]]]>
    </line>
    <line>
      <![CDATA[clicking on element]]>
    </line>
    <line>
      <![CDATA[clicked on element]]>
    </line>
    <line>
      <![CDATA[locating an elemnt using By.id: BtnSubmit]]>
    </line>
    <line>
      <![CDATA[elemented located successfully with By.id: BtnSubmit]]>
    </line>
    <line>
      <![CDATA[clicking on element]]>
    </line>
    <line>
      <![CDATA[clicked on element]]>
    </line>
    <line>
      <![CDATA[alert came Employer Already Existed...Try again]]>
    </line>
    <line>
      <![CDATA[alert accepted]]>
    </line>
    <line>
      <![CDATA[locating an elemnt using By.xpath: //a[@href='Admin_Emp_details.aspx']]]>
    </line>
    <line>
      <![CDATA[elemented located successfully with By.xpath: //a[@href='Admin_Emp_details.aspx']]]>
    </line>
    <line>
      <![CDATA[clicking on element]]>
    </line>
    <line>
      <![CDATA[clicked on element]]>
    </line>
    <line>
      <![CDATA[locating an elemnt using By.id: BtnNew]]>
    </line>
    <line>
      <![CDATA[elemented located successfully with By.id: BtnNew]]>
    </line>
    <line>
      <![CDATA[clicking on element]]>
    </line>
    <line>
      <![CDATA[clicked on element]]>
    </line>
    <line>
      <![CDATA[locating an elemnt using By.id: txtUname]]>
    </line>
    <line>
      <![CDATA[elemented located successfully with By.id: txtUname]]>
    </line>
    <line>
      <![CDATA[clicked on element]]>
    </line>
    <line>
      <![CDATA[element value changed]]>
    </line>
    <line>
      <![CDATA[locating an elemnt using By.id: txtLpwd]]>
    </line>
    <line>
      <![CDATA[elemented located successfully with By.id: txtLpwd]]>
    </line>
    <line>
      <![CDATA[clicked on element]]>
    </line>
    <line>
      <![CDATA[element value changed]]>
    </line>
    <line>
      <![CDATA[locating an elemnt using By.id: lst_Roles]]>
    </line>
    <line>
      <![CDATA[elemented located successfully with By.id: lst_Roles]]>
    </line>
    <line>
      <![CDATA[locating an elemnt using By.id: lst_Roles]]>
    </line>
    <line>
      <![CDATA[elemented located successfully with By.id: lst_Roles]]>
    </line>
    <line>
      <![CDATA[locating an elemnt using By.id: lst_Roles]]>
    </line>
    <line>
      <![CDATA[elemented located successfully with By.id: lst_Roles]]>
    </line>
    <line>
      <![CDATA[locating an elemnt using By.xpath: .//option[normalize-space(.) = "cashierTwo"]]]>
    </line>
    <line>
      <![CDATA[elemented located successfully with By.xpath: .//option[normalize-space(.) = "cashierTwo"]]]>
    </line>
    <line>
      <![CDATA[clicking on element]]>
    </line>
    <line>
      <![CDATA[clicked on element]]>
    </line>
    <line>
      <![CDATA[locating an elemnt using By.id: lst_Branch]]>
    </line>
    <line>
      <![CDATA[elemented located successfully with By.id: lst_Branch]]>
    </line>
    <line>
      <![CDATA[locating an elemnt using By.id: lst_Branch]]>
    </line>
    <line>
      <![CDATA[elemented located successfully with By.id: lst_Branch]]>
    </line>
    <line>
      <![CDATA[locating an elemnt using By.id: lst_Branch]]>
    </line>
    <line>
      <![CDATA[elemented located successfully with By.id: lst_Branch]]>
    </line>
    <line>
      <![CDATA[locating an elemnt using By.xpath: .//option[normalize-space(.) = "Bangalore"]]]>
    </line>
    <line>
      <![CDATA[elemented located successfully with By.xpath: .//option[normalize-space(.) = "Bangalore"]]]>
    </line>
    <line>
      <![CDATA[clicking on element]]>
    </line>
    <line>
      <![CDATA[clicked on element]]>
    </line>
    <line>
      <![CDATA[locating an elemnt using By.id: BtnSubmit]]>
    </line>
    <line>
      <![CDATA[elemented located successfully with By.id: BtnSubmit]]>
    </line>
    <line>
      <![CDATA[clicking on element]]>
    </line>
    <line>
      <![CDATA[clicked on element]]>
    </line>
    <line>
      <![CDATA[alert came Employer Already Existed...Try again]]>
    </line>
    <line>
      <![CDATA[alert accepted]]>
    </line>
    <line>
      <![CDATA[locating an elemnt using By.xpath: //a[@href='Admin_Emp_details.aspx']]]>
    </line>
    <line>
      <![CDATA[elemented located successfully with By.xpath: //a[@href='Admin_Emp_details.aspx']]]>
    </line>
    <line>
      <![CDATA[clicking on element]]>
    </line>
    <line>
      <![CDATA[clicked on element]]>
    </line>
    <line>
      <![CDATA[locating an elemnt using By.id: BtnNew]]>
    </line>
    <line>
      <![CDATA[elemented located successfully with By.id: BtnNew]]>
    </line>
    <line>
      <![CDATA[clicking on element]]>
    </line>
    <line>
      <![CDATA[clicked on element]]>
    </line>
    <line>
      <![CDATA[locating an elemnt using By.id: txtUname]]>
    </line>
    <line>
      <![CDATA[elemented located successfully with By.id: txtUname]]>
    </line>
    <line>
      <![CDATA[clicked on element]]>
    </line>
    <line>
      <![CDATA[element value changed]]>
    </line>
    <line>
      <![CDATA[locating an elemnt using By.id: txtLpwd]]>
    </line>
    <line>
      <![CDATA[elemented located successfully with By.id: txtLpwd]]>
    </line>
    <line>
      <![CDATA[clicked on element]]>
    </line>
    <line>
      <![CDATA[element value changed]]>
    </line>
    <line>
      <![CDATA[locating an elemnt using By.id: lst_Roles]]>
    </line>
    <line>
      <![CDATA[elemented located successfully with By.id: lst_Roles]]>
    </line>
    <line>
      <![CDATA[locating an elemnt using By.id: lst_Roles]]>
    </line>
    <line>
      <![CDATA[elemented located successfully with By.id: lst_Roles]]>
    </line>
    <line>
      <![CDATA[locating an elemnt using By.id: lst_Roles]]>
    </line>
    <line>
      <![CDATA[elemented located successfully with By.id: lst_Roles]]>
    </line>
    <line>
      <![CDATA[locating an elemnt using By.xpath: .//option[normalize-space(.) = "cashierThree"]]]>
    </line>
    <line>
      <![CDATA[elemented located successfully with By.xpath: .//option[normalize-space(.) = "cashierThree"]]]>
    </line>
    <line>
      <![CDATA[clicking on element]]>
    </line>
    <line>
      <![CDATA[clicked on element]]>
    </line>
    <line>
      <![CDATA[locating an elemnt using By.id: lst_Branch]]>
    </line>
    <line>
      <![CDATA[elemented located successfully with By.id: lst_Branch]]>
    </line>
    <line>
      <![CDATA[locating an elemnt using By.id: lst_Branch]]>
    </line>
    <line>
      <![CDATA[elemented located successfully with By.id: lst_Branch]]>
    </line>
    <line>
      <![CDATA[locating an elemnt using By.id: lst_Branch]]>
    </line>
    <line>
      <![CDATA[elemented located successfully with By.id: lst_Branch]]>
    </line>
    <line>
      <![CDATA[locating an elemnt using By.xpath: .//option[normalize-space(.) = "Bangalore"]]]>
    </line>
    <line>
      <![CDATA[elemented located successfully with By.xpath: .//option[normalize-space(.) = "Bangalore"]]]>
    </line>
    <line>
      <![CDATA[clicking on element]]>
    </line>
    <line>
      <![CDATA[clicked on element]]>
    </line>
    <line>
      <![CDATA[locating an elemnt using By.id: BtnSubmit]]>
    </line>
    <line>
      <![CDATA[elemented located successfully with By.id: BtnSubmit]]>
    </line>
    <line>
      <![CDATA[clicking on element]]>
    </line>
    <line>
      <![CDATA[clicked on element]]>
    </line>
    <line>
      <![CDATA[alert came Employer Already Existed...Try again]]>
    </line>
    <line>
      <![CDATA[alert accepted]]>
    </line>
    <line>
      <![CDATA[locating an elemnt using By.xpath: //a[@href='Admin_Emp_details.aspx']]]>
    </line>
    <line>
      <![CDATA[elemented located successfully with By.xpath: //a[@href='Admin_Emp_details.aspx']]]>
    </line>
    <line>
      <![CDATA[clicking on element]]>
    </line>
    <line>
      <![CDATA[clicked on element]]>
    </line>
    <line>
      <![CDATA[locating an elemnt using By.id: BtnNew]]>
    </line>
    <line>
      <![CDATA[elemented located successfully with By.id: BtnNew]]>
    </line>
    <line>
      <![CDATA[clicking on element]]>
    </line>
    <line>
      <![CDATA[clicked on element]]>
    </line>
    <line>
      <![CDATA[locating an elemnt using By.id: txtUname]]>
    </line>
    <line>
      <![CDATA[elemented located successfully with By.id: txtUname]]>
    </line>
    <line>
      <![CDATA[clicked on element]]>
    </line>
    <line>
      <![CDATA[element value changed]]>
    </line>
    <line>
      <![CDATA[locating an elemnt using By.id: txtLpwd]]>
    </line>
    <line>
      <![CDATA[elemented located successfully with By.id: txtLpwd]]>
    </line>
    <line>
      <![CDATA[clicked on element]]>
    </line>
    <line>
      <![CDATA[element value changed]]>
    </line>
    <line>
      <![CDATA[locating an elemnt using By.id: lst_Roles]]>
    </line>
    <line>
      <![CDATA[elemented located successfully with By.id: lst_Roles]]>
    </line>
    <line>
      <![CDATA[locating an elemnt using By.id: lst_Roles]]>
    </line>
    <line>
      <![CDATA[elemented located successfully with By.id: lst_Roles]]>
    </line>
    <line>
      <![CDATA[locating an elemnt using By.id: lst_Roles]]>
    </line>
    <line>
      <![CDATA[elemented located successfully with By.id: lst_Roles]]>
    </line>
    <line>
      <![CDATA[locating an elemnt using By.xpath: .//option[normalize-space(.) = "cashierFour"]]]>
    </line>
    <line>
      <![CDATA[elemented located successfully with By.xpath: .//option[normalize-space(.) = "cashierFour"]]]>
    </line>
    <line>
      <![CDATA[clicking on element]]>
    </line>
    <line>
      <![CDATA[clicked on element]]>
    </line>
    <line>
      <![CDATA[locating an elemnt using By.id: lst_Branch]]>
    </line>
    <line>
      <![CDATA[elemented located successfully with By.id: lst_Branch]]>
    </line>
    <line>
      <![CDATA[locating an elemnt using By.id: lst_Branch]]>
    </line>
    <line>
      <![CDATA[elemented located successfully with By.id: lst_Branch]]>
    </line>
    <line>
      <![CDATA[locating an elemnt using By.id: lst_Branch]]>
    </line>
    <line>
      <![CDATA[elemented located successfully with By.id: lst_Branch]]>
    </line>
    <line>
      <![CDATA[locating an elemnt using By.xpath: .//option[normalize-space(.) = "Bangalore"]]]>
    </line>
    <line>
      <![CDATA[elemented located successfully with By.xpath: .//option[normalize-space(.) = "Bangalore"]]]>
    </line>
    <line>
      <![CDATA[clicking on element]]>
    </line>
    <line>
      <![CDATA[clicked on element]]>
    </line>
    <line>
      <![CDATA[locating an elemnt using By.id: BtnSubmit]]>
    </line>
    <line>
      <![CDATA[elemented located successfully with By.id: BtnSubmit]]>
    </line>
    <line>
      <![CDATA[clicking on element]]>
    </line>
    <line>
      <![CDATA[clicked on element]]>
    </line>
    <line>
      <![CDATA[alert came Employer Already Existed...Try again]]>
    </line>
    <line>
      <![CDATA[alert accepted]]>
    </line>
    <line>
      <![CDATA[locating an elemnt using By.xpath: //a[@href='Admin_Emp_details.aspx']]]>
    </line>
    <line>
      <![CDATA[elemented located successfully with By.xpath: //a[@href='Admin_Emp_details.aspx']]]>
    </line>
    <line>
      <![CDATA[clicking on element]]>
    </line>
    <line>
      <![CDATA[clicked on element]]>
    </line>
    <line>
      <![CDATA[locating an elemnt using By.id: BtnNew]]>
    </line>
    <line>
      <![CDATA[elemented located successfully with By.id: BtnNew]]>
    </line>
    <line>
      <![CDATA[clicking on element]]>
    </line>
    <line>
      <![CDATA[clicked on element]]>
    </line>
    <line>
      <![CDATA[locating an elemnt using By.id: txtUname]]>
    </line>
    <line>
      <![CDATA[elemented located successfully with By.id: txtUname]]>
    </line>
    <line>
      <![CDATA[clicked on element]]>
    </line>
    <line>
      <![CDATA[element value changed]]>
    </line>
    <line>
      <![CDATA[locating an elemnt using By.id: txtLpwd]]>
    </line>
    <line>
      <![CDATA[elemented located successfully with By.id: txtLpwd]]>
    </line>
    <line>
      <![CDATA[clicked on element]]>
    </line>
    <line>
      <![CDATA[element value changed]]>
    </line>
    <line>
      <![CDATA[locating an elemnt using By.id: lst_Roles]]>
    </line>
    <line>
      <![CDATA[elemented located successfully with By.id: lst_Roles]]>
    </line>
    <line>
      <![CDATA[locating an elemnt using By.id: lst_Roles]]>
    </line>
    <line>
      <![CDATA[elemented located successfully with By.id: lst_Roles]]>
    </line>
    <line>
      <![CDATA[locating an elemnt using By.id: lst_Roles]]>
    </line>
    <line>
      <![CDATA[elemented located successfully with By.id: lst_Roles]]>
    </line>
    <line>
      <![CDATA[locating an elemnt using By.xpath: .//option[normalize-space(.) = "cashierFive"]]]>
    </line>
    <line>
      <![CDATA[elemented located successfully with By.xpath: .//option[normalize-space(.) = "cashierFive"]]]>
    </line>
    <line>
      <![CDATA[clicking on element]]>
    </line>
    <line>
      <![CDATA[clicked on element]]>
    </line>
    <line>
      <![CDATA[locating an elemnt using By.id: lst_Branch]]>
    </line>
    <line>
      <![CDATA[elemented located successfully with By.id: lst_Branch]]>
    </line>
    <line>
      <![CDATA[locating an elemnt using By.id: lst_Branch]]>
    </line>
    <line>
      <![CDATA[elemented located successfully with By.id: lst_Branch]]>
    </line>
    <line>
      <![CDATA[locating an elemnt using By.id: lst_Branch]]>
    </line>
    <line>
      <![CDATA[elemented located successfully with By.id: lst_Branch]]>
    </line>
    <line>
      <![CDATA[locating an elemnt using By.xpath: .//option[normalize-space(.) = "Bangalore"]]]>
    </line>
    <line>
      <![CDATA[elemented located successfully with By.xpath: .//option[normalize-space(.) = "Bangalore"]]]>
    </line>
    <line>
      <![CDATA[clicking on element]]>
    </line>
    <line>
      <![CDATA[clicked on element]]>
    </line>
    <line>
      <![CDATA[locating an elemnt using By.id: BtnSubmit]]>
    </line>
    <line>
      <![CDATA[elemented located successfully with By.id: BtnSubmit]]>
    </line>
    <line>
      <![CDATA[clicking on element]]>
    </line>
    <line>
      <![CDATA[clicked on element]]>
    </line>
    <line>
      <![CDATA[alert came Employer Already Existed...Try again]]>
    </line>
    <line>
      <![CDATA[alert accepted]]>
    </line>
    <line>
      <![CDATA[locating an elemnt using By.xpath: //a[@href='Admin_Emp_details.aspx']]]>
    </line>
    <line>
      <![CDATA[elemented located successfully with By.xpath: //a[@href='Admin_Emp_details.aspx']]]>
    </line>
    <line>
      <![CDATA[clicking on element]]>
    </line>
    <line>
      <![CDATA[clicked on element]]>
    </line>
    <line>
      <![CDATA[locating an elemnt using By.id: BtnNew]]>
    </line>
    <line>
      <![CDATA[elemented located successfully with By.id: BtnNew]]>
    </line>
    <line>
      <![CDATA[clicking on element]]>
    </line>
    <line>
      <![CDATA[clicked on element]]>
    </line>
    <line>
      <![CDATA[locating an elemnt using By.id: txtUname]]>
    </line>
    <line>
      <![CDATA[elemented located successfully with By.id: txtUname]]>
    </line>
    <line>
      <![CDATA[clicked on element]]>
    </line>
  </reporter-output>
  <suite name="basic suite" duration-ms="45184" started-at="2019-03-28T05:40:41Z" finished-at="2019-03-28T05:41:26Z">
    <groups>
      <group name="valid">
        <method signature="TestExecution.loginTest()[pri:1, instance:in.srssprojects.keximbank.BasicExecution@4dfa3a9d]" name="loginTest" class="in.srssprojects.keximbank.TestExecution"/>
      </group> <!-- valid -->
      <group name="cancel">
        <method signature="TestExecution.loginTest()[pri:1, instance:in.srssprojects.keximbank.BasicExecution@4dfa3a9d]" name="loginTest" class="in.srssprojects.keximbank.TestExecution"/>
      </group> <!-- cancel -->
      <group name="datadriven">
        <method signature="TestExecution.employeeCreationWithMultipleDataUsingDP(java.lang.String, java.lang.String, java.lang.String, java.lang.String)[pri:21, instance:in.srssprojects.keximbank.BasicExecution@4dfa3a9d]" name="employeeCreationWithMultipleDataUsingDP" class="in.srssprojects.keximbank.TestExecution"/>
        <method signature="TestExecution.loginTest()[pri:1, instance:in.srssprojects.keximbank.BasicExecution@4dfa3a9d]" name="loginTest" class="in.srssprojects.keximbank.TestExecution"/>
      </group> <!-- datadriven -->
      <group name="role">
        <method signature="TestExecution.loginTest()[pri:1, instance:in.srssprojects.keximbank.BasicExecution@4dfa3a9d]" name="loginTest" class="in.srssprojects.keximbank.TestExecution"/>
      </group> <!-- role -->
      <group name="invalid">
        <method signature="TestExecution.loginTest()[pri:1, instance:in.srssprojects.keximbank.BasicExecution@4dfa3a9d]" name="loginTest" class="in.srssprojects.keximbank.TestExecution"/>
      </group> <!-- invalid -->
      <group name="reset">
        <method signature="TestExecution.loginTest()[pri:1, instance:in.srssprojects.keximbank.BasicExecution@4dfa3a9d]" name="loginTest" class="in.srssprojects.keximbank.TestExecution"/>
      </group> <!-- reset -->
      <group name="employee">
        <method signature="TestExecution.employeeCreationWithMultipleDataUsingDP(java.lang.String, java.lang.String, java.lang.String, java.lang.String)[pri:21, instance:in.srssprojects.keximbank.BasicExecution@4dfa3a9d]" name="employeeCreationWithMultipleDataUsingDP" class="in.srssprojects.keximbank.TestExecution"/>
        <method signature="TestExecution.loginTest()[pri:1, instance:in.srssprojects.keximbank.BasicExecution@4dfa3a9d]" name="loginTest" class="in.srssprojects.keximbank.TestExecution"/>
      </group> <!-- employee -->
      <group name="branch">
        <method signature="TestExecution.loginTest()[pri:1, instance:in.srssprojects.keximbank.BasicExecution@4dfa3a9d]" name="loginTest" class="in.srssprojects.keximbank.TestExecution"/>
      </group> <!-- branch -->
    </groups>
    <test name="basic test" duration-ms="45184" started-at="2019-03-28T05:40:41Z" finished-at="2019-03-28T05:41:26Z">
      <class name="in.srssprojects.keximbank.BasicExecution">
        <test-method status="PASS" signature="browserLaunch()[pri:0, instance:in.srssprojects.keximbank.BasicExecution@4dfa3a9d]" name="browserLaunch" is-config="true" duration-ms="7905" started-at="2019-03-28T05:40:41Z" finished-at="2019-03-28T05:40:49Z">
          <reporter-output>
          </reporter-output>
        </test-method> <!-- browserLaunch -->
        <test-method status="PASS" signature="loginTest()[pri:1, instance:in.srssprojects.keximbank.BasicExecution@4dfa3a9d]" name="loginTest" duration-ms="3149" started-at="2019-03-28T05:40:49Z" finished-at="2019-03-28T05:40:52Z">
          <reporter-output>
            <line>
              <![CDATA[locating an elemnt using By.id: txtuId]]>
            </line>
            <line>
              <![CDATA[elemented located successfully with By.id: txtuId]]>
            </line>
            <line>
              <![CDATA[clicked on element]]>
            </line>
            <line>
              <![CDATA[element value changed]]>
            </line>
            <line>
              <![CDATA[locating an elemnt using By.id: txtPword]]>
            </line>
            <line>
              <![CDATA[elemented located successfully with By.id: txtPword]]>
            </line>
            <line>
              <![CDATA[clicked on element]]>
            </line>
            <line>
              <![CDATA[element value changed]]>
            </line>
            <line>
              <![CDATA[locating an elemnt using By.id: login]]>
            </line>
            <line>
              <![CDATA[elemented located successfully with By.id: login]]>
            </line>
            <line>
              <![CDATA[clicking on element]]>
            </line>
            <line>
              <![CDATA[clicked on element]]>
            </line>
          </reporter-output>
        </test-method> <!-- loginTest -->
        <test-method status="FAIL" signature="employeeCreationWithMultipleDataUsingDP(java.lang.String, java.lang.String, java.lang.String, java.lang.String)[pri:21, instance:in.srssprojects.keximbank.BasicExecution@4dfa3a9d]" name="employeeCreationWithMultipleDataUsingDP" duration-ms="7261" started-at="2019-03-28T05:40:53Z" data-provider="empData" finished-at="2019-03-28T05:41:00Z">
          <params>
            <param index="0">
              <value>
                <![CDATA[rajeshTwo]]>
              </value>
            </param>
            <param index="1">
              <value>
                <![CDATA[password1]]>
              </value>
            </param>
            <param index="2">
              <value>
                <![CDATA[cashierOne]]>
              </value>
            </param>
            <param index="3">
              <value>
                <![CDATA[Bangalore]]>
              </value>
            </param>
          </params>
          <exception class="java.lang.AssertionError">
            <message>
              <![CDATA[expected [true] but found [false]]]>
            </message>
            <full-stacktrace>
              <![CDATA[java.lang.AssertionError: expected [true] but found [false]
at org.testng.Assert.fail(Assert.java:96)
at org.testng.Assert.failNotEquals(Assert.java:776)
at org.testng.Assert.assertTrue(Assert.java:44)
at org.testng.Assert.assertTrue(Assert.java:54)
at in.srssprojects.keximbank.TestExecution.employeeCreationWithMultipleDataUsingDP(TestExecution.java:279)
at sun.reflect.NativeMethodAccessorImpl.invoke0(Native Method)
at sun.reflect.NativeMethodAccessorImpl.invoke(Unknown Source)
at sun.reflect.DelegatingMethodAccessorImpl.invoke(Unknown Source)
at java.lang.reflect.Method.invoke(Unknown Source)
at org.testng.internal.MethodInvocationHelper.invokeMethod(MethodInvocationHelper.java:124)
at org.testng.internal.Invoker.invokeMethod(Invoker.java:583)
at org.testng.internal.Invoker.invokeTestMethod(Invoker.java:719)
at org.testng.internal.Invoker.invokeTestMethods(Invoker.java:989)
at org.testng.internal.TestMethodWorker.invokeTestMethods(TestMethodWorker.java:125)
at org.testng.internal.TestMethodWorker.run(TestMethodWorker.java:109)
at org.testng.TestRunner.privateRun(TestRunner.java:648)
at org.testng.TestRunner.run(TestRunner.java:505)
at org.testng.SuiteRunner.runTest(SuiteRunner.java:455)
at org.testng.SuiteRunner.runSequentially(SuiteRunner.java:450)
at org.testng.SuiteRunner.privateRun(SuiteRunner.java:415)
at org.testng.SuiteRunner.run(SuiteRunner.java:364)
at org.testng.SuiteRunnerWorker.runSuite(SuiteRunnerWorker.java:52)
at org.testng.SuiteRunnerWorker.run(SuiteRunnerWorker.java:84)
at org.testng.TestNG.runSuitesSequentially(TestNG.java:1208)
at org.testng.TestNG.runSuitesLocally(TestNG.java:1137)
at org.testng.TestNG.runSuites(TestNG.java:1049)
at org.testng.TestNG.run(TestNG.java:1017)
at org.testng.remote.AbstractRemoteTestNG.run(AbstractRemoteTestNG.java:115)
at org.testng.remote.RemoteTestNG.initAndRun(RemoteTestNG.java:251)
at org.testng.remote.RemoteTestNG.main(RemoteTestNG.java:77)
]]>
            </full-stacktrace>
          </exception> <!-- java.lang.AssertionError -->
          <reporter-output>
            <line>
              <![CDATA[locating an elemnt using By.xpath: //a[@href='Admin_Emp_details.aspx']]]>
            </line>
            <line>
              <![CDATA[elemented located successfully with By.xpath: //a[@href='Admin_Emp_details.aspx']]]>
            </line>
            <line>
              <![CDATA[clicking on element]]>
            </line>
            <line>
              <![CDATA[clicked on element]]>
            </line>
            <line>
              <![CDATA[locating an elemnt using By.id: BtnNew]]>
            </line>
            <line>
              <![CDATA[elemented located successfully with By.id: BtnNew]]>
            </line>
            <line>
              <![CDATA[clicking on element]]>
            </line>
            <line>
              <![CDATA[clicked on element]]>
            </line>
            <line>
              <![CDATA[locating an elemnt using By.id: txtUname]]>
            </line>
            <line>
              <![CDATA[elemented located successfully with By.id: txtUname]]>
            </line>
            <line>
              <![CDATA[clicked on element]]>
            </line>
            <line>
              <![CDATA[element value changed]]>
            </line>
            <line>
              <![CDATA[locating an elemnt using By.id: txtLpwd]]>
            </line>
            <line>
              <![CDATA[elemented located successfully with By.id: txtLpwd]]>
            </line>
            <line>
              <![CDATA[clicked on element]]>
            </line>
            <line>
              <![CDATA[element value changed]]>
            </line>
            <line>
              <![CDATA[locating an elemnt using By.id: lst_Roles]]>
            </line>
            <line>
              <![CDATA[elemented located successfully with By.id: lst_Roles]]>
            </line>
            <line>
              <![CDATA[locating an elemnt using By.id: lst_Roles]]>
            </line>
            <line>
              <![CDATA[elemented located successfully with By.id: lst_Roles]]>
            </line>
            <line>
              <![CDATA[locating an elemnt using By.id: lst_Roles]]>
            </line>
            <line>
              <![CDATA[elemented located successfully with By.id: lst_Roles]]>
            </line>
            <line>
              <![CDATA[locating an elemnt using By.xpath: .//option[normalize-space(.) = "cashierOne"]]]>
            </line>
            <line>
              <![CDATA[elemented located successfully with By.xpath: .//option[normalize-space(.) = "cashierOne"]]]>
            </line>
            <line>
              <![CDATA[clicking on element]]>
            </line>
            <line>
              <![CDATA[clicked on element]]>
            </line>
            <line>
              <![CDATA[locating an elemnt using By.id: lst_Branch]]>
            </line>
            <line>
              <![CDATA[elemented located successfully with By.id: lst_Branch]]>
            </line>
            <line>
              <![CDATA[locating an elemnt using By.id: lst_Branch]]>
            </line>
            <line>
              <![CDATA[elemented located successfully with By.id: lst_Branch]]>
            </line>
            <line>
              <![CDATA[locating an elemnt using By.id: lst_Branch]]>
            </line>
            <line>
              <![CDATA[elemented located successfully with By.id: lst_Branch]]>
            </line>
            <line>
              <![CDATA[locating an elemnt using By.xpath: .//option[normalize-space(.) = "Bangalore"]]]>
            </line>
            <line>
              <![CDATA[elemented located successfully with By.xpath: .//option[normalize-space(.) = "Bangalore"]]]>
            </line>
            <line>
              <![CDATA[clicking on element]]>
            </line>
            <line>
              <![CDATA[clicked on element]]>
            </line>
            <line>
              <![CDATA[locating an elemnt using By.id: BtnSubmit]]>
            </line>
            <line>
              <![CDATA[elemented located successfully with By.id: BtnSubmit]]>
            </line>
            <line>
              <![CDATA[clicking on element]]>
            </line>
            <line>
              <![CDATA[clicked on element]]>
            </line>
            <line>
              <![CDATA[alert came Employer Already Existed...Try again]]>
            </line>
            <line>
              <![CDATA[alert accepted]]>
            </line>
          </reporter-output>
        </test-method> <!-- employeeCreationWithMultipleDataUsingDP -->
        <test-method status="FAIL" signature="employeeCreationWithMultipleDataUsingDP(java.lang.String, java.lang.String, java.lang.String, java.lang.String)[pri:21, instance:in.srssprojects.keximbank.BasicExecution@4dfa3a9d]" name="employeeCreationWithMultipleDataUsingDP" duration-ms="4595" started-at="2019-03-28T05:41:00Z" data-provider="empData" finished-at="2019-03-28T05:41:05Z">
          <params>
            <param index="0">
              <value>
                <![CDATA[sarathOne]]>
              </value>
            </param>
            <param index="1">
              <value>
                <![CDATA[password2]]>
              </value>
            </param>
            <param index="2">
              <value>
                <![CDATA[cashierTwo]]>
              </value>
            </param>
            <param index="3">
              <value>
                <![CDATA[Bangalore]]>
              </value>
            </param>
          </params>
          <exception class="java.lang.AssertionError">
            <message>
              <![CDATA[expected [true] but found [false]]]>
            </message>
            <full-stacktrace>
              <![CDATA[java.lang.AssertionError: expected [true] but found [false]
at org.testng.Assert.fail(Assert.java:96)
at org.testng.Assert.failNotEquals(Assert.java:776)
at org.testng.Assert.assertTrue(Assert.java:44)
at org.testng.Assert.assertTrue(Assert.java:54)
at in.srssprojects.keximbank.TestExecution.employeeCreationWithMultipleDataUsingDP(TestExecution.java:279)
at sun.reflect.NativeMethodAccessorImpl.invoke0(Native Method)
at sun.reflect.NativeMethodAccessorImpl.invoke(Unknown Source)
at sun.reflect.DelegatingMethodAccessorImpl.invoke(Unknown Source)
at java.lang.reflect.Method.invoke(Unknown Source)
at org.testng.internal.MethodInvocationHelper.invokeMethod(MethodInvocationHelper.java:124)
at org.testng.internal.Invoker.invokeMethod(Invoker.java:583)
at org.testng.internal.Invoker.invokeTestMethod(Invoker.java:719)
at org.testng.internal.Invoker.invokeTestMethods(Invoker.java:989)
at org.testng.internal.TestMethodWorker.invokeTestMethods(TestMethodWorker.java:125)
at org.testng.internal.TestMethodWorker.run(TestMethodWorker.java:109)
at org.testng.TestRunner.privateRun(TestRunner.java:648)
at org.testng.TestRunner.run(TestRunner.java:505)
at org.testng.SuiteRunner.runTest(SuiteRunner.java:455)
at org.testng.SuiteRunner.runSequentially(SuiteRunner.java:450)
at org.testng.SuiteRunner.privateRun(SuiteRunner.java:415)
at org.testng.SuiteRunner.run(SuiteRunner.java:364)
at org.testng.SuiteRunnerWorker.runSuite(SuiteRunnerWorker.java:52)
at org.testng.SuiteRunnerWorker.run(SuiteRunnerWorker.java:84)
at org.testng.TestNG.runSuitesSequentially(TestNG.java:1208)
at org.testng.TestNG.runSuitesLocally(TestNG.java:1137)
at org.testng.TestNG.runSuites(TestNG.java:1049)
at org.testng.TestNG.run(TestNG.java:1017)
at org.testng.remote.AbstractRemoteTestNG.run(AbstractRemoteTestNG.java:115)
at org.testng.remote.RemoteTestNG.initAndRun(RemoteTestNG.java:251)
at org.testng.remote.RemoteTestNG.main(RemoteTestNG.java:77)
]]>
            </full-stacktrace>
          </exception> <!-- java.lang.AssertionError -->
          <reporter-output>
            <line>
              <![CDATA[locating an elemnt using By.xpath: //a[@href='Admin_Emp_details.aspx']]]>
            </line>
            <line>
              <![CDATA[elemented located successfully with By.xpath: //a[@href='Admin_Emp_details.aspx']]]>
            </line>
            <line>
              <![CDATA[clicking on element]]>
            </line>
            <line>
              <![CDATA[clicked on element]]>
            </line>
            <line>
              <![CDATA[locating an elemnt using By.id: BtnNew]]>
            </line>
            <line>
              <![CDATA[elemented located successfully with By.id: BtnNew]]>
            </line>
            <line>
              <![CDATA[clicking on element]]>
            </line>
            <line>
              <![CDATA[clicked on element]]>
            </line>
            <line>
              <![CDATA[locating an elemnt using By.id: txtUname]]>
            </line>
            <line>
              <![CDATA[elemented located successfully with By.id: txtUname]]>
            </line>
            <line>
              <![CDATA[clicked on element]]>
            </line>
            <line>
              <![CDATA[element value changed]]>
            </line>
            <line>
              <![CDATA[locating an elemnt using By.id: txtLpwd]]>
            </line>
            <line>
              <![CDATA[elemented located successfully with By.id: txtLpwd]]>
            </line>
            <line>
              <![CDATA[clicked on element]]>
            </line>
            <line>
              <![CDATA[element value changed]]>
            </line>
            <line>
              <![CDATA[locating an elemnt using By.id: lst_Roles]]>
            </line>
            <line>
              <![CDATA[elemented located successfully with By.id: lst_Roles]]>
            </line>
            <line>
              <![CDATA[locating an elemnt using By.id: lst_Roles]]>
            </line>
            <line>
              <![CDATA[elemented located successfully with By.id: lst_Roles]]>
            </line>
            <line>
              <![CDATA[locating an elemnt using By.id: lst_Roles]]>
            </line>
            <line>
              <![CDATA[elemented located successfully with By.id: lst_Roles]]>
            </line>
            <line>
              <![CDATA[locating an elemnt using By.xpath: .//option[normalize-space(.) = "cashierTwo"]]]>
            </line>
            <line>
              <![CDATA[elemented located successfully with By.xpath: .//option[normalize-space(.) = "cashierTwo"]]]>
            </line>
            <line>
              <![CDATA[clicking on element]]>
            </line>
            <line>
              <![CDATA[clicked on element]]>
            </line>
            <line>
              <![CDATA[locating an elemnt using By.id: lst_Branch]]>
            </line>
            <line>
              <![CDATA[elemented located successfully with By.id: lst_Branch]]>
            </line>
            <line>
              <![CDATA[locating an elemnt using By.id: lst_Branch]]>
            </line>
            <line>
              <![CDATA[elemented located successfully with By.id: lst_Branch]]>
            </line>
            <line>
              <![CDATA[locating an elemnt using By.id: lst_Branch]]>
            </line>
            <line>
              <![CDATA[elemented located successfully with By.id: lst_Branch]]>
            </line>
            <line>
              <![CDATA[locating an elemnt using By.xpath: .//option[normalize-space(.) = "Bangalore"]]]>
            </line>
            <line>
              <![CDATA[elemented located successfully with By.xpath: .//option[normalize-space(.) = "Bangalore"]]]>
            </line>
            <line>
              <![CDATA[clicking on element]]>
            </line>
            <line>
              <![CDATA[clicked on element]]>
            </line>
            <line>
              <![CDATA[locating an elemnt using By.id: BtnSubmit]]>
            </line>
            <line>
              <![CDATA[elemented located successfully with By.id: BtnSubmit]]>
            </line>
            <line>
              <![CDATA[clicking on element]]>
            </line>
            <line>
              <![CDATA[clicked on element]]>
            </line>
            <line>
              <![CDATA[alert came Employer Already Existed...Try again]]>
            </line>
            <line>
              <![CDATA[alert accepted]]>
            </line>
          </reporter-output>
        </test-method> <!-- employeeCreationWithMultipleDataUsingDP -->
        <test-method status="FAIL" signature="employeeCreationWithMultipleDataUsingDP(java.lang.String, java.lang.String, java.lang.String, java.lang.String)[pri:21, instance:in.srssprojects.keximbank.BasicExecution@4dfa3a9d]" name="employeeCreationWithMultipleDataUsingDP" duration-ms="4061" started-at="2019-03-28T05:41:05Z" data-provider="empData" finished-at="2019-03-28T05:41:10Z">
          <params>
            <param index="0">
              <value>
                <![CDATA[ahalayaFour]]>
              </value>
            </param>
            <param index="1">
              <value>
                <![CDATA[password3]]>
              </value>
            </param>
            <param index="2">
              <value>
                <![CDATA[cashierThree]]>
              </value>
            </param>
            <param index="3">
              <value>
                <![CDATA[Bangalore]]>
              </value>
            </param>
          </params>
          <exception class="java.lang.AssertionError">
            <message>
              <![CDATA[expected [true] but found [false]]]>
            </message>
            <full-stacktrace>
              <![CDATA[java.lang.AssertionError: expected [true] but found [false]
at org.testng.Assert.fail(Assert.java:96)
at org.testng.Assert.failNotEquals(Assert.java:776)
at org.testng.Assert.assertTrue(Assert.java:44)
at org.testng.Assert.assertTrue(Assert.java:54)
at in.srssprojects.keximbank.TestExecution.employeeCreationWithMultipleDataUsingDP(TestExecution.java:279)
at sun.reflect.NativeMethodAccessorImpl.invoke0(Native Method)
at sun.reflect.NativeMethodAccessorImpl.invoke(Unknown Source)
at sun.reflect.DelegatingMethodAccessorImpl.invoke(Unknown Source)
at java.lang.reflect.Method.invoke(Unknown Source)
at org.testng.internal.MethodInvocationHelper.invokeMethod(MethodInvocationHelper.java:124)
at org.testng.internal.Invoker.invokeMethod(Invoker.java:583)
at org.testng.internal.Invoker.invokeTestMethod(Invoker.java:719)
at org.testng.internal.Invoker.invokeTestMethods(Invoker.java:989)
at org.testng.internal.TestMethodWorker.invokeTestMethods(TestMethodWorker.java:125)
at org.testng.internal.TestMethodWorker.run(TestMethodWorker.java:109)
at org.testng.TestRunner.privateRun(TestRunner.java:648)
at org.testng.TestRunner.run(TestRunner.java:505)
at org.testng.SuiteRunner.runTest(SuiteRunner.java:455)
at org.testng.SuiteRunner.runSequentially(SuiteRunner.java:450)
at org.testng.SuiteRunner.privateRun(SuiteRunner.java:415)
at org.testng.SuiteRunner.run(SuiteRunner.java:364)
at org.testng.SuiteRunnerWorker.runSuite(SuiteRunnerWorker.java:52)
at org.testng.SuiteRunnerWorker.run(SuiteRunnerWorker.java:84)
at org.testng.TestNG.runSuitesSequentially(TestNG.java:1208)
at org.testng.TestNG.runSuitesLocally(TestNG.java:1137)
at org.testng.TestNG.runSuites(TestNG.java:1049)
at org.testng.TestNG.run(TestNG.java:1017)
at org.testng.remote.AbstractRemoteTestNG.run(AbstractRemoteTestNG.java:115)
at org.testng.remote.RemoteTestNG.initAndRun(RemoteTestNG.java:251)
at org.testng.remote.RemoteTestNG.main(RemoteTestNG.java:77)
]]>
            </full-stacktrace>
          </exception> <!-- java.lang.AssertionError -->
          <reporter-output>
            <line>
              <![CDATA[locating an elemnt using By.xpath: //a[@href='Admin_Emp_details.aspx']]]>
            </line>
            <line>
              <![CDATA[elemented located successfully with By.xpath: //a[@href='Admin_Emp_details.aspx']]]>
            </line>
            <line>
              <![CDATA[clicking on element]]>
            </line>
            <line>
              <![CDATA[clicked on element]]>
            </line>
            <line>
              <![CDATA[locating an elemnt using By.id: BtnNew]]>
            </line>
            <line>
              <![CDATA[elemented located successfully with By.id: BtnNew]]>
            </line>
            <line>
              <![CDATA[clicking on element]]>
            </line>
            <line>
              <![CDATA[clicked on element]]>
            </line>
            <line>
              <![CDATA[locating an elemnt using By.id: txtUname]]>
            </line>
            <line>
              <![CDATA[elemented located successfully with By.id: txtUname]]>
            </line>
            <line>
              <![CDATA[clicked on element]]>
            </line>
            <line>
              <![CDATA[element value changed]]>
            </line>
            <line>
              <![CDATA[locating an elemnt using By.id: txtLpwd]]>
            </line>
            <line>
              <![CDATA[elemented located successfully with By.id: txtLpwd]]>
            </line>
            <line>
              <![CDATA[clicked on element]]>
            </line>
            <line>
              <![CDATA[element value changed]]>
            </line>
            <line>
              <![CDATA[locating an elemnt using By.id: lst_Roles]]>
            </line>
            <line>
              <![CDATA[elemented located successfully with By.id: lst_Roles]]>
            </line>
            <line>
              <![CDATA[locating an elemnt using By.id: lst_Roles]]>
            </line>
            <line>
              <![CDATA[elemented located successfully with By.id: lst_Roles]]>
            </line>
            <line>
              <![CDATA[locating an elemnt using By.id: lst_Roles]]>
            </line>
            <line>
              <![CDATA[elemented located successfully with By.id: lst_Roles]]>
            </line>
            <line>
              <![CDATA[locating an elemnt using By.xpath: .//option[normalize-space(.) = "cashierThree"]]]>
            </line>
            <line>
              <![CDATA[elemented located successfully with By.xpath: .//option[normalize-space(.) = "cashierThree"]]]>
            </line>
            <line>
              <![CDATA[clicking on element]]>
            </line>
            <line>
              <![CDATA[clicked on element]]>
            </line>
            <line>
              <![CDATA[locating an elemnt using By.id: lst_Branch]]>
            </line>
            <line>
              <![CDATA[elemented located successfully with By.id: lst_Branch]]>
            </line>
            <line>
              <![CDATA[locating an elemnt using By.id: lst_Branch]]>
            </line>
            <line>
              <![CDATA[elemented located successfully with By.id: lst_Branch]]>
            </line>
            <line>
              <![CDATA[locating an elemnt using By.id: lst_Branch]]>
            </line>
            <line>
              <![CDATA[elemented located successfully with By.id: lst_Branch]]>
            </line>
            <line>
              <![CDATA[locating an elemnt using By.xpath: .//option[normalize-space(.) = "Bangalore"]]]>
            </line>
            <line>
              <![CDATA[elemented located successfully with By.xpath: .//option[normalize-space(.) = "Bangalore"]]]>
            </line>
            <line>
              <![CDATA[clicking on element]]>
            </line>
            <line>
              <![CDATA[clicked on element]]>
            </line>
            <line>
              <![CDATA[locating an elemnt using By.id: BtnSubmit]]>
            </line>
            <line>
              <![CDATA[elemented located successfully with By.id: BtnSubmit]]>
            </line>
            <line>
              <![CDATA[clicking on element]]>
            </line>
            <line>
              <![CDATA[clicked on element]]>
            </line>
            <line>
              <![CDATA[alert came Employer Already Existed...Try again]]>
            </line>
            <line>
              <![CDATA[alert accepted]]>
            </line>
          </reporter-output>
        </test-method> <!-- employeeCreationWithMultipleDataUsingDP -->
        <test-method status="FAIL" signature="employeeCreationWithMultipleDataUsingDP(java.lang.String, java.lang.String, java.lang.String, java.lang.String)[pri:21, instance:in.srssprojects.keximbank.BasicExecution@4dfa3a9d]" name="employeeCreationWithMultipleDataUsingDP" duration-ms="4380" started-at="2019-03-28T05:41:10Z" data-provider="empData" finished-at="2019-03-28T05:41:14Z">
          <params>
            <param index="0">
              <value>
                <![CDATA[suryaThree]]>
              </value>
            </param>
            <param index="1">
              <value>
                <![CDATA[password4]]>
              </value>
            </param>
            <param index="2">
              <value>
                <![CDATA[cashierFour]]>
              </value>
            </param>
            <param index="3">
              <value>
                <![CDATA[Bangalore]]>
              </value>
            </param>
          </params>
          <exception class="java.lang.AssertionError">
            <message>
              <![CDATA[expected [true] but found [false]]]>
            </message>
            <full-stacktrace>
              <![CDATA[java.lang.AssertionError: expected [true] but found [false]
at org.testng.Assert.fail(Assert.java:96)
at org.testng.Assert.failNotEquals(Assert.java:776)
at org.testng.Assert.assertTrue(Assert.java:44)
at org.testng.Assert.assertTrue(Assert.java:54)
at in.srssprojects.keximbank.TestExecution.employeeCreationWithMultipleDataUsingDP(TestExecution.java:279)
at sun.reflect.NativeMethodAccessorImpl.invoke0(Native Method)
at sun.reflect.NativeMethodAccessorImpl.invoke(Unknown Source)
at sun.reflect.DelegatingMethodAccessorImpl.invoke(Unknown Source)
at java.lang.reflect.Method.invoke(Unknown Source)
at org.testng.internal.MethodInvocationHelper.invokeMethod(MethodInvocationHelper.java:124)
at org.testng.internal.Invoker.invokeMethod(Invoker.java:583)
at org.testng.internal.Invoker.invokeTestMethod(Invoker.java:719)
at org.testng.internal.Invoker.invokeTestMethods(Invoker.java:989)
at org.testng.internal.TestMethodWorker.invokeTestMethods(TestMethodWorker.java:125)
at org.testng.internal.TestMethodWorker.run(TestMethodWorker.java:109)
at org.testng.TestRunner.privateRun(TestRunner.java:648)
at org.testng.TestRunner.run(TestRunner.java:505)
at org.testng.SuiteRunner.runTest(SuiteRunner.java:455)
at org.testng.SuiteRunner.runSequentially(SuiteRunner.java:450)
at org.testng.SuiteRunner.privateRun(SuiteRunner.java:415)
at org.testng.SuiteRunner.run(SuiteRunner.java:364)
at org.testng.SuiteRunnerWorker.runSuite(SuiteRunnerWorker.java:52)
at org.testng.SuiteRunnerWorker.run(SuiteRunnerWorker.java:84)
at org.testng.TestNG.runSuitesSequentially(TestNG.java:1208)
at org.testng.TestNG.runSuitesLocally(TestNG.java:1137)
at org.testng.TestNG.runSuites(TestNG.java:1049)
at org.testng.TestNG.run(TestNG.java:1017)
at org.testng.remote.AbstractRemoteTestNG.run(AbstractRemoteTestNG.java:115)
at org.testng.remote.RemoteTestNG.initAndRun(RemoteTestNG.java:251)
at org.testng.remote.RemoteTestNG.main(RemoteTestNG.java:77)
]]>
            </full-stacktrace>
          </exception> <!-- java.lang.AssertionError -->
          <reporter-output>
            <line>
              <![CDATA[locating an elemnt using By.xpath: //a[@href='Admin_Emp_details.aspx']]]>
            </line>
            <line>
              <![CDATA[elemented located successfully with By.xpath: //a[@href='Admin_Emp_details.aspx']]]>
            </line>
            <line>
              <![CDATA[clicking on element]]>
            </line>
            <line>
              <![CDATA[clicked on element]]>
            </line>
            <line>
              <![CDATA[locating an elemnt using By.id: BtnNew]]>
            </line>
            <line>
              <![CDATA[elemented located successfully with By.id: BtnNew]]>
            </line>
            <line>
              <![CDATA[clicking on element]]>
            </line>
            <line>
              <![CDATA[clicked on element]]>
            </line>
            <line>
              <![CDATA[locating an elemnt using By.id: txtUname]]>
            </line>
            <line>
              <![CDATA[elemented located successfully with By.id: txtUname]]>
            </line>
            <line>
              <![CDATA[clicked on element]]>
            </line>
            <line>
              <![CDATA[element value changed]]>
            </line>
            <line>
              <![CDATA[locating an elemnt using By.id: txtLpwd]]>
            </line>
            <line>
              <![CDATA[elemented located successfully with By.id: txtLpwd]]>
            </line>
            <line>
              <![CDATA[clicked on element]]>
            </line>
            <line>
              <![CDATA[element value changed]]>
            </line>
            <line>
              <![CDATA[locating an elemnt using By.id: lst_Roles]]>
            </line>
            <line>
              <![CDATA[elemented located successfully with By.id: lst_Roles]]>
            </line>
            <line>
              <![CDATA[locating an elemnt using By.id: lst_Roles]]>
            </line>
            <line>
              <![CDATA[elemented located successfully with By.id: lst_Roles]]>
            </line>
            <line>
              <![CDATA[locating an elemnt using By.id: lst_Roles]]>
            </line>
            <line>
              <![CDATA[elemented located successfully with By.id: lst_Roles]]>
            </line>
            <line>
              <![CDATA[locating an elemnt using By.xpath: .//option[normalize-space(.) = "cashierFour"]]]>
            </line>
            <line>
              <![CDATA[elemented located successfully with By.xpath: .//option[normalize-space(.) = "cashierFour"]]]>
            </line>
            <line>
              <![CDATA[clicking on element]]>
            </line>
            <line>
              <![CDATA[clicked on element]]>
            </line>
            <line>
              <![CDATA[locating an elemnt using By.id: lst_Branch]]>
            </line>
            <line>
              <![CDATA[elemented located successfully with By.id: lst_Branch]]>
            </line>
            <line>
              <![CDATA[locating an elemnt using By.id: lst_Branch]]>
            </line>
            <line>
              <![CDATA[elemented located successfully with By.id: lst_Branch]]>
            </line>
            <line>
              <![CDATA[locating an elemnt using By.id: lst_Branch]]>
            </line>
            <line>
              <![CDATA[elemented located successfully with By.id: lst_Branch]]>
            </line>
            <line>
              <![CDATA[locating an elemnt using By.xpath: .//option[normalize-space(.) = "Bangalore"]]]>
            </line>
            <line>
              <![CDATA[elemented located successfully with By.xpath: .//option[normalize-space(.) = "Bangalore"]]]>
            </line>
            <line>
              <![CDATA[clicking on element]]>
            </line>
            <line>
              <![CDATA[clicked on element]]>
            </line>
            <line>
              <![CDATA[locating an elemnt using By.id: BtnSubmit]]>
            </line>
            <line>
              <![CDATA[elemented located successfully with By.id: BtnSubmit]]>
            </line>
            <line>
              <![CDATA[clicking on element]]>
            </line>
            <line>
              <![CDATA[clicked on element]]>
            </line>
            <line>
              <![CDATA[alert came Employer Already Existed...Try again]]>
            </line>
            <line>
              <![CDATA[alert accepted]]>
            </line>
          </reporter-output>
        </test-method> <!-- employeeCreationWithMultipleDataUsingDP -->
        <test-method status="FAIL" signature="employeeCreationWithMultipleDataUsingDP(java.lang.String, java.lang.String, java.lang.String, java.lang.String)[pri:21, instance:in.srssprojects.keximbank.BasicExecution@4dfa3a9d]" name="employeeCreationWithMultipleDataUsingDP" duration-ms="7912" started-at="2019-03-28T05:41:15Z" data-provider="empData" finished-at="2019-03-28T05:41:23Z">
          <params>
            <param index="0">
              <value>
                <![CDATA[tejaEmp]]>
              </value>
            </param>
            <param index="1">
              <value>
                <![CDATA[password5]]>
              </value>
            </param>
            <param index="2">
              <value>
                <![CDATA[cashierFive]]>
              </value>
            </param>
            <param index="3">
              <value>
                <![CDATA[Bangalore]]>
              </value>
            </param>
          </params>
          <exception class="java.lang.AssertionError">
            <message>
              <![CDATA[expected [true] but found [false]]]>
            </message>
            <full-stacktrace>
              <![CDATA[java.lang.AssertionError: expected [true] but found [false]
at org.testng.Assert.fail(Assert.java:96)
at org.testng.Assert.failNotEquals(Assert.java:776)
at org.testng.Assert.assertTrue(Assert.java:44)
at org.testng.Assert.assertTrue(Assert.java:54)
at in.srssprojects.keximbank.TestExecution.employeeCreationWithMultipleDataUsingDP(TestExecution.java:279)
at sun.reflect.NativeMethodAccessorImpl.invoke0(Native Method)
at sun.reflect.NativeMethodAccessorImpl.invoke(Unknown Source)
at sun.reflect.DelegatingMethodAccessorImpl.invoke(Unknown Source)
at java.lang.reflect.Method.invoke(Unknown Source)
at org.testng.internal.MethodInvocationHelper.invokeMethod(MethodInvocationHelper.java:124)
at org.testng.internal.Invoker.invokeMethod(Invoker.java:583)
at org.testng.internal.Invoker.invokeTestMethod(Invoker.java:719)
at org.testng.internal.Invoker.invokeTestMethods(Invoker.java:989)
at org.testng.internal.TestMethodWorker.invokeTestMethods(TestMethodWorker.java:125)
at org.testng.internal.TestMethodWorker.run(TestMethodWorker.java:109)
at org.testng.TestRunner.privateRun(TestRunner.java:648)
at org.testng.TestRunner.run(TestRunner.java:505)
at org.testng.SuiteRunner.runTest(SuiteRunner.java:455)
at org.testng.SuiteRunner.runSequentially(SuiteRunner.java:450)
at org.testng.SuiteRunner.privateRun(SuiteRunner.java:415)
at org.testng.SuiteRunner.run(SuiteRunner.java:364)
at org.testng.SuiteRunnerWorker.runSuite(SuiteRunnerWorker.java:52)
at org.testng.SuiteRunnerWorker.run(SuiteRunnerWorker.java:84)
at org.testng.TestNG.runSuitesSequentially(TestNG.java:1208)
at org.testng.TestNG.runSuitesLocally(TestNG.java:1137)
at org.testng.TestNG.runSuites(TestNG.java:1049)
at org.testng.TestNG.run(TestNG.java:1017)
at org.testng.remote.AbstractRemoteTestNG.run(AbstractRemoteTestNG.java:115)
at org.testng.remote.RemoteTestNG.initAndRun(RemoteTestNG.java:251)
at org.testng.remote.RemoteTestNG.main(RemoteTestNG.java:77)
]]>
            </full-stacktrace>
          </exception> <!-- java.lang.AssertionError -->
          <reporter-output>
            <line>
              <![CDATA[locating an elemnt using By.xpath: //a[@href='Admin_Emp_details.aspx']]]>
            </line>
            <line>
              <![CDATA[elemented located successfully with By.xpath: //a[@href='Admin_Emp_details.aspx']]]>
            </line>
            <line>
              <![CDATA[clicking on element]]>
            </line>
            <line>
              <![CDATA[clicked on element]]>
            </line>
            <line>
              <![CDATA[locating an elemnt using By.id: BtnNew]]>
            </line>
            <line>
              <![CDATA[elemented located successfully with By.id: BtnNew]]>
            </line>
            <line>
              <![CDATA[clicking on element]]>
            </line>
            <line>
              <![CDATA[clicked on element]]>
            </line>
            <line>
              <![CDATA[locating an elemnt using By.id: txtUname]]>
            </line>
            <line>
              <![CDATA[elemented located successfully with By.id: txtUname]]>
            </line>
            <line>
              <![CDATA[clicked on element]]>
            </line>
            <line>
              <![CDATA[element value changed]]>
            </line>
            <line>
              <![CDATA[locating an elemnt using By.id: txtLpwd]]>
            </line>
            <line>
              <![CDATA[elemented located successfully with By.id: txtLpwd]]>
            </line>
            <line>
              <![CDATA[clicked on element]]>
            </line>
            <line>
              <![CDATA[element value changed]]>
            </line>
            <line>
              <![CDATA[locating an elemnt using By.id: lst_Roles]]>
            </line>
            <line>
              <![CDATA[elemented located successfully with By.id: lst_Roles]]>
            </line>
            <line>
              <![CDATA[locating an elemnt using By.id: lst_Roles]]>
            </line>
            <line>
              <![CDATA[elemented located successfully with By.id: lst_Roles]]>
            </line>
            <line>
              <![CDATA[locating an elemnt using By.id: lst_Roles]]>
            </line>
            <line>
              <![CDATA[elemented located successfully with By.id: lst_Roles]]>
            </line>
            <line>
              <![CDATA[locating an elemnt using By.xpath: .//option[normalize-space(.) = "cashierFive"]]]>
            </line>
            <line>
              <![CDATA[elemented located successfully with By.xpath: .//option[normalize-space(.) = "cashierFive"]]]>
            </line>
            <line>
              <![CDATA[clicking on element]]>
            </line>
            <line>
              <![CDATA[clicked on element]]>
            </line>
            <line>
              <![CDATA[locating an elemnt using By.id: lst_Branch]]>
            </line>
            <line>
              <![CDATA[elemented located successfully with By.id: lst_Branch]]>
            </line>
            <line>
              <![CDATA[locating an elemnt using By.id: lst_Branch]]>
            </line>
            <line>
              <![CDATA[elemented located successfully with By.id: lst_Branch]]>
            </line>
            <line>
              <![CDATA[locating an elemnt using By.id: lst_Branch]]>
            </line>
            <line>
              <![CDATA[elemented located successfully with By.id: lst_Branch]]>
            </line>
            <line>
              <![CDATA[locating an elemnt using By.xpath: .//option[normalize-space(.) = "Bangalore"]]]>
            </line>
            <line>
              <![CDATA[elemented located successfully with By.xpath: .//option[normalize-space(.) = "Bangalore"]]]>
            </line>
            <line>
              <![CDATA[clicking on element]]>
            </line>
            <line>
              <![CDATA[clicked on element]]>
            </line>
            <line>
              <![CDATA[locating an elemnt using By.id: BtnSubmit]]>
            </line>
            <line>
              <![CDATA[elemented located successfully with By.id: BtnSubmit]]>
            </line>
            <line>
              <![CDATA[clicking on element]]>
            </line>
            <line>
              <![CDATA[clicked on element]]>
            </line>
            <line>
              <![CDATA[alert came Employer Already Existed...Try again]]>
            </line>
            <line>
              <![CDATA[alert accepted]]>
            </line>
          </reporter-output>
        </test-method> <!-- employeeCreationWithMultipleDataUsingDP -->
        <test-method status="FAIL" signature="employeeCreationWithMultipleDataUsingDP(java.lang.String, java.lang.String, java.lang.String, java.lang.String)[pri:21, instance:in.srssprojects.keximbank.BasicExecution@4dfa3a9d]" name="employeeCreationWithMultipleDataUsingDP" duration-ms="2502" started-at="2019-03-28T05:41:23Z" data-provider="empData" finished-at="2019-03-28T05:41:25Z">
          <params>
            <param index="0">
              <value is-null="true"/>
            </param>
            <param index="1">
              <value is-null="true"/>
            </param>
            <param index="2">
              <value is-null="true"/>
            </param>
            <param index="3">
              <value is-null="true"/>
            </param>
          </params>
          <exception class="java.lang.IllegalArgumentException">
            <message>
              <![CDATA[Keys to send should be a not null CharSequence]]>
            </message>
            <full-stacktrace>
              <![CDATA[java.lang.IllegalArgumentException: Keys to send should be a not null CharSequence
at org.openqa.selenium.remote.RemoteWebElement.sendKeys(RemoteWebElement.java:97)
at sun.reflect.GeneratedMethodAccessor7.invoke(Unknown Source)
at sun.reflect.DelegatingMethodAccessorImpl.invoke(Unknown Source)
at java.lang.reflect.Method.invoke(Unknown Source)
at org.openqa.selenium.support.events.EventFiringWebDriver$EventFiringWebElement.lambda$new$0(EventFiringWebDriver.java:404)
at com.sun.proxy.$Proxy9.sendKeys(Unknown Source)
at org.openqa.selenium.support.events.EventFiringWebDriver$EventFiringWebElement.sendKeys(EventFiringWebDriver.java:429)
at sun.reflect.GeneratedMethodAccessor7.invoke(Unknown Source)
at sun.reflect.DelegatingMethodAccessorImpl.invoke(Unknown Source)
at java.lang.reflect.Method.invoke(Unknown Source)
at org.openqa.selenium.support.pagefactory.internal.LocatingElementHandler.invoke(LocatingElementHandler.java:51)
at com.sun.proxy.$Proxy13.sendKeys(Unknown Source)
at in.srssprojects.keximbank.EmployeeCreationPage.fillEmployeeName(EmployeeCreationPage.java:54)
at in.srssprojects.keximbank.TestExecution.employeeCreationWithMultipleDataUsingDP(TestExecution.java:271)
at sun.reflect.NativeMethodAccessorImpl.invoke0(Native Method)
at sun.reflect.NativeMethodAccessorImpl.invoke(Unknown Source)
at sun.reflect.DelegatingMethodAccessorImpl.invoke(Unknown Source)
at java.lang.reflect.Method.invoke(Unknown Source)
at org.testng.internal.MethodInvocationHelper.invokeMethod(MethodInvocationHelper.java:124)
at org.testng.internal.Invoker.invokeMethod(Invoker.java:583)
at org.testng.internal.Invoker.invokeTestMethod(Invoker.java:719)
at org.testng.internal.Invoker.invokeTestMethods(Invoker.java:989)
at org.testng.internal.TestMethodWorker.invokeTestMethods(TestMethodWorker.java:125)
at org.testng.internal.TestMethodWorker.run(TestMethodWorker.java:109)
at org.testng.TestRunner.privateRun(TestRunner.java:648)
at org.testng.TestRunner.run(TestRunner.java:505)
at org.testng.SuiteRunner.runTest(SuiteRunner.java:455)
at org.testng.SuiteRunner.runSequentially(SuiteRunner.java:450)
at org.testng.SuiteRunner.privateRun(SuiteRunner.java:415)
at org.testng.SuiteRunner.run(SuiteRunner.java:364)
at org.testng.SuiteRunnerWorker.runSuite(SuiteRunnerWorker.java:52)
at org.testng.SuiteRunnerWorker.run(SuiteRunnerWorker.java:84)
at org.testng.TestNG.runSuitesSequentially(TestNG.java:1208)
at org.testng.TestNG.runSuitesLocally(TestNG.java:1137)
at org.testng.TestNG.runSuites(TestNG.java:1049)
at org.testng.TestNG.run(TestNG.java:1017)
at org.testng.remote.AbstractRemoteTestNG.run(AbstractRemoteTestNG.java:115)
at org.testng.remote.RemoteTestNG.initAndRun(RemoteTestNG.java:251)
at org.testng.remote.RemoteTestNG.main(RemoteTestNG.java:77)
]]>
            </full-stacktrace>
          </exception> <!-- java.lang.IllegalArgumentException -->
          <reporter-output>
            <line>
              <![CDATA[locating an elemnt using By.xpath: //a[@href='Admin_Emp_details.aspx']]]>
            </line>
            <line>
              <![CDATA[elemented located successfully with By.xpath: //a[@href='Admin_Emp_details.aspx']]]>
            </line>
            <line>
              <![CDATA[clicking on element]]>
            </line>
            <line>
              <![CDATA[clicked on element]]>
            </line>
            <line>
              <![CDATA[locating an elemnt using By.id: BtnNew]]>
            </line>
            <line>
              <![CDATA[elemented located successfully with By.id: BtnNew]]>
            </line>
            <line>
              <![CDATA[clicking on element]]>
            </line>
            <line>
              <![CDATA[clicked on element]]>
            </line>
            <line>
              <![CDATA[locating an elemnt using By.id: txtUname]]>
            </line>
            <line>
              <![CDATA[elemented located successfully with By.id: txtUname]]>
            </line>
            <line>
              <![CDATA[clicked on element]]>
            </line>
          </reporter-output>
        </test-method> <!-- employeeCreationWithMultipleDataUsingDP -->
        <test-method status="PASS" signature="close()[pri:0, instance:in.srssprojects.keximbank.BasicExecution@4dfa3a9d]" name="close" is-config="true" duration-ms="149" started-at="2019-03-28T05:41:26Z" finished-at="2019-03-28T05:41:26Z">
          <reporter-output>
          </reporter-output>
        </test-method> <!-- close -->
      </class> <!-- in.srssprojects.keximbank.BasicExecution -->
    </test> <!-- basic test -->
  </suite> <!-- basic suite -->
</testng-results>
